[00:25:44] [Server thread/INFO]: Lionipan lost connection: TextComponent{text='Disconnected', siblings=[], style=Style{hasParent=false, color=null, bold=null, italic=null, underlined=null, obfuscated=null, clickEvent=null, hoverEvent=null, insertion=null}}
[00:25:44] [Server thread/INFO]: Lionipan left the game
[00:26:01] [Server thread/INFO]: Lionipan[/25.94.122.11:6679] logged in with entity id 83801 at (82.8781247650052, 71.0, 165.61906143009816)
[00:26:01] [Server thread/INFO]: Lionipan joined the game
[00:28:00] [Server thread/WARN]: Lionipan moved too quickly! 3.878350280800859,9.382399997711175,-0.5190647559705894
[00:29:09] [Server thread/INFO]: Lionipan lost connection: TextComponent{text='Disconnected', siblings=[], style=Style{hasParent=false, color=null, bold=null, italic=null, underlined=null, obfuscated=null, clickEvent=null, hoverEvent=null, insertion=null}}
[00:29:09] [Server thread/INFO]: Lionipan left the game
[00:34:27] [Server thread/INFO]: liightoh lost connection: TextComponent{text='Disconnected', siblings=[], style=Style{hasParent=false, color=null, bold=null, italic=null, underlined=null, obfuscated=null, clickEvent=null, hoverEvent=null, insertion=null}}
[00:34:27] [Server thread/INFO]: liightoh left the game
[00:35:05] [Server thread/INFO]: zaccha95 lost connection: TranslatableComponent{key='disconnect.genericReason', args=[Internal Exception: java.io.IOException: Une connexion existante a dû être fermée par l’hôte distant], siblings=[], style=Style{hasParent=false, color=null, bold=null, italic=null, underlined=null, obfuscated=null, clickEvent=null, hoverEvent=null, insertion=null}}
[00:35:05] [Server thread/INFO]: zaccha95 left the game
[00:35:10] [Server thread/INFO]: Stopping the server
[00:35:10] [Server thread/INFO]: Stopping server
[00:35:10] [Server thread/INFO]: Saving players
[00:35:10] [Server thread/INFO]: Saving worlds
[00:35:10] [Server thread/INFO]: Saving chunks for level 'world'/Overworld
[00:35:10] [Server thread/INFO]: Saving chunks for level 'world'/Nether
[00:35:10] [Server thread/INFO]: Saving chunks for level 'world'/The End
[00:35:10] [Server Shutdown Thread/INFO]: Stopping server
[00:35:10] [Server Shutdown Thread/INFO]: Saving players
[00:35:10] [Server Shutdown Thread/INFO]: Saving worlds
